e:\onedrive\大学\计算机网络与通信\实验课件\lab2\实验成果\sr\stopwait\debug\sr.pch
e:\onedrive\大学\计算机网络与通信\实验课件\lab2\实验成果\sr\stopwait\debug\vc142.pdb
e:\onedrive\大学\计算机网络与通信\实验课件\lab2\实验成果\sr\stopwait\debug\vc142.idb
e:\onedrive\大学\计算机网络与通信\实验课件\lab2\实验成果\sr\stopwait\debug\stdafx.obj
e:\onedrive\大学\计算机网络与通信\实验课件\lab2\实验成果\sr\stopwait\debug\sr.obj
e:\onedrive\大学\计算机网络与通信\实验课件\lab2\实验成果\sr\stopwait\debug\srreceiver.obj
e:\onedrive\大学\计算机网络与通信\实验课件\lab2\实验成果\sr\stopwait\debug\srsender.obj
e:\onedrive\大学\计算机网络与通信\实验课件\lab2\实验成果\sr\stopwait\debug\sr.ilk
e:\onedrive\大学\计算机网络与通信\实验课件\lab2\实验成果\sr\stopwait\debug\sr.exe
e:\onedrive\大学\计算机网络与通信\实验课件\lab2\实验成果\sr\stopwait\debug\sr.pdb
e:\onedrive\大学\计算机网络与通信\实验课件\lab2\实验成果\sr\project\debug\sr.obj
e:\onedrive\大学\计算机网络与通信\实验课件\lab2\实验成果\sr\project\debug\srreceiver.obj
e:\onedrive\大学\计算机网络与通信\实验课件\lab2\实验成果\sr\project\debug\srsender.obj
e:\onedrive\大学\计算机网络与通信\实验课件\lab2\实验成果\sr\project\debug\stdafx.obj
e:\onedrive\大学\计算机网络与通信\实验课件\lab2\实验成果\sr\project\debug\sr.ilk
e:\onedrive\大学\计算机网络与通信\实验课件\lab2\实验成果\sr\project\debug\sr.pch
e:\onedrive\大学\计算机网络与通信\实验课件\lab2\实验成果\sr\project\debug\vc142.idb
e:\onedrive\大学\计算机网络与通信\实验课件\lab2\实验成果\sr\project\debug\sr.pdb
e:\onedrive\大学\计算机网络与通信\实验课件\lab2\实验成果\sr\project\debug\vc142.pdb
e:\onedrive\大学\计算机网络与通信\实验课件\lab2\实验成果\sr\project\debug\sr.exe
e:\onedrive\大学\计算机网络与通信\实验课件\lab2\实验成果\sr\project\debug\sr.tlog\cl.command.1.tlog
e:\onedrive\大学\计算机网络与通信\实验课件\lab2\实验成果\sr\project\debug\sr.tlog\cl.read.1.tlog
e:\onedrive\大学\计算机网络与通信\实验课件\lab2\实验成果\sr\project\debug\sr.tlog\cl.write.1.tlog
e:\onedrive\大学\计算机网络与通信\实验课件\lab2\实验成果\sr\project\debug\sr.tlog\link.command.1.tlog
e:\onedrive\大学\计算机网络与通信\实验课件\lab2\实验成果\sr\project\debug\sr.tlog\link.read.1.tlog
e:\onedrive\大学\计算机网络与通信\实验课件\lab2\实验成果\sr\project\debug\sr.tlog\link.write.1.tlog
