e:\onedrive\大学\计算机网络与通信\实验课件\lab2\实验成果\gbn\stopwait\debug\gbn.pch
e:\onedrive\大学\计算机网络与通信\实验课件\lab2\实验成果\gbn\stopwait\debug\vc142.pdb
e:\onedrive\大学\计算机网络与通信\实验课件\lab2\实验成果\gbn\stopwait\debug\vc142.idb
e:\onedrive\大学\计算机网络与通信\实验课件\lab2\实验成果\gbn\stopwait\debug\stdafx.obj
e:\onedrive\大学\计算机网络与通信\实验课件\lab2\实验成果\gbn\stopwait\debug\gbn.obj
e:\onedrive\大学\计算机网络与通信\实验课件\lab2\实验成果\gbn\stopwait\debug\gbnreceiver.obj
e:\onedrive\大学\计算机网络与通信\实验课件\lab2\实验成果\gbn\stopwait\debug\gbnsender.obj
e:\onedrive\大学\计算机网络与通信\实验课件\lab2\实验成果\gbn\stopwait\debug\gbn.ilk
e:\onedrive\大学\计算机网络与通信\实验课件\lab2\实验成果\gbn\stopwait\debug\gbn.exe
e:\onedrive\大学\计算机网络与通信\实验课件\lab2\实验成果\gbn\stopwait\debug\gbn.pdb
e:\onedrive\大学\计算机网络与通信\实验课件\lab2\实验成果\gbn\project\debug\gbn.obj
e:\onedrive\大学\计算机网络与通信\实验课件\lab2\实验成果\gbn\project\debug\gbnreceiver.obj
e:\onedrive\大学\计算机网络与通信\实验课件\lab2\实验成果\gbn\project\debug\gbnsender.obj
e:\onedrive\大学\计算机网络与通信\实验课件\lab2\实验成果\gbn\project\debug\stdafx.obj
e:\onedrive\大学\计算机网络与通信\实验课件\lab2\实验成果\gbn\project\debug\stopwait.obj
e:\onedrive\大学\计算机网络与通信\实验课件\lab2\实验成果\gbn\project\debug\stopwaitrdtreceiver.obj
e:\onedrive\大学\计算机网络与通信\实验课件\lab2\实验成果\gbn\project\debug\stopwaitrdtsender.obj
e:\onedrive\大学\计算机网络与通信\实验课件\lab2\实验成果\gbn\project\debug\gbn.ilk
e:\onedrive\大学\计算机网络与通信\实验课件\lab2\实验成果\gbn\project\debug\stopwait.ilk
e:\onedrive\大学\计算机网络与通信\实验课件\lab2\实验成果\gbn\project\debug\gbn.pch
e:\onedrive\大学\计算机网络与通信\实验课件\lab2\实验成果\gbn\project\debug\stopwait.pch
e:\onedrive\大学\计算机网络与通信\实验课件\lab2\实验成果\gbn\project\debug\vc142.idb
e:\onedrive\大学\计算机网络与通信\实验课件\lab2\实验成果\gbn\project\debug\gbn.pdb
e:\onedrive\大学\计算机网络与通信\实验课件\lab2\实验成果\gbn\project\debug\stopwait.pdb
e:\onedrive\大学\计算机网络与通信\实验课件\lab2\实验成果\gbn\project\debug\vc142.pdb
e:\onedrive\大学\计算机网络与通信\实验课件\lab2\实验成果\gbn\project\debug\gbn.exe
e:\onedrive\大学\计算机网络与通信\实验课件\lab2\实验成果\gbn\project\debug\gbn.tlog\cl.command.1.tlog
e:\onedrive\大学\计算机网络与通信\实验课件\lab2\实验成果\gbn\project\debug\gbn.tlog\cl.read.1.tlog
e:\onedrive\大学\计算机网络与通信\实验课件\lab2\实验成果\gbn\project\debug\gbn.tlog\cl.write.1.tlog
e:\onedrive\大学\计算机网络与通信\实验课件\lab2\实验成果\gbn\project\debug\gbn.tlog\link.command.1.tlog
e:\onedrive\大学\计算机网络与通信\实验课件\lab2\实验成果\gbn\project\debug\gbn.tlog\link.read.1.tlog
e:\onedrive\大学\计算机网络与通信\实验课件\lab2\实验成果\gbn\project\debug\gbn.tlog\link.write.1.tlog
