e:\onedrive\大学\计算机网络与通信\实验课件\实验成果\tcp\project\debug\tcp.pch
e:\onedrive\大学\计算机网络与通信\实验课件\实验成果\tcp\project\debug\vc142.pdb
e:\onedrive\大学\计算机网络与通信\实验课件\实验成果\tcp\project\debug\vc142.idb
e:\onedrive\大学\计算机网络与通信\实验课件\实验成果\tcp\project\debug\stdafx.obj
e:\onedrive\大学\计算机网络与通信\实验课件\实验成果\tcp\project\debug\gbn.obj
e:\onedrive\大学\计算机网络与通信\实验课件\实验成果\tcp\project\debug\tcpreceiver.obj
e:\onedrive\大学\计算机网络与通信\实验课件\实验成果\tcp\project\debug\tcpsender.obj
e:\onedrive\大学\计算机网络与通信\实验课件\实验成果\tcp\project\debug\tcp.exe
e:\onedrive\大学\计算机网络与通信\实验课件\实验成果\tcp\project\debug\tcp.ilk
e:\onedrive\大学\计算机网络与通信\实验课件\实验成果\tcp\project\debug\tcp.pdb
e:\onedrive\大学\计算机网络与通信\实验课件\实验成果\tcp\project\debug\gbnreceiver.obj
e:\onedrive\大学\计算机网络与通信\实验课件\实验成果\tcp\project\debug\gbnsender.obj
e:\onedrive\大学\计算机网络与通信\实验课件\实验成果\tcp\project\debug\gbn.ilk
e:\onedrive\大学\计算机网络与通信\实验课件\实验成果\tcp\project\debug\gbn.pch
e:\onedrive\大学\计算机网络与通信\实验课件\实验成果\tcp\project\debug\gbn.pdb
e:\onedrive\大学\计算机网络与通信\实验课件\实验成果\tcp\project\debug\tcp.tlog\cl.command.1.tlog
e:\onedrive\大学\计算机网络与通信\实验课件\实验成果\tcp\project\debug\tcp.tlog\cl.read.1.tlog
e:\onedrive\大学\计算机网络与通信\实验课件\实验成果\tcp\project\debug\tcp.tlog\cl.write.1.tlog
e:\onedrive\大学\计算机网络与通信\实验课件\实验成果\tcp\project\debug\tcp.tlog\link.command.1.tlog
e:\onedrive\大学\计算机网络与通信\实验课件\实验成果\tcp\project\debug\tcp.tlog\link.read.1.tlog
e:\onedrive\大学\计算机网络与通信\实验课件\实验成果\tcp\project\debug\tcp.tlog\link.write.1.tlog
